[2025-12-26 16:47:53,083] 1025 httpx -INFO -HTTP Request: POST https://dagshub.com/login/oauth/middleman "HTTP/1.1 200 OK"
[2025-12-26 16:47:54,134] 1025 httpx -INFO -HTTP Request: POST https://dagshub.com/login/oauth/access_token "HTTP/1.1 200 OK"
[2025-12-26 16:47:55,054] 1025 httpx -INFO -HTTP Request: GET https://dagshub.com/api/v1/user "HTTP/1.1 200 OK"
[2025-12-26 16:47:55,072] 107 dagshub -INFO -Accessing as sachingaur2004
[2025-12-26 16:47:55,970] 1025 httpx -INFO -HTTP Request: GET https://dagshub.com/api/v1/repos/sachingaur2004/networksecurity "HTTP/1.1 200 OK"
[2025-12-26 16:47:56,806] 1025 httpx -INFO -HTTP Request: GET https://dagshub.com/api/v1/user "HTTP/1.1 200 OK"
[2025-12-26 16:47:56,853] 107 dagshub -INFO -Initialized MLflow to track repo "sachingaur2004/networksecurity"
[2025-12-26 16:47:56,855] 107 dagshub -INFO -Repository sachingaur2004/networksecurity initialized!
[2025-12-26 16:47:56,855] 22 root -INFO -Initate the data ingestion
[2025-12-26 16:47:56,855] 111 root -INFO -Initiating Data Ingestion
[2025-12-26 16:47:56,855] 31 root -INFO -Connecting to MongoDB
[2025-12-26 16:47:59,808] 47 root -INFO -Fetched data from MongoDB with shape: (11055, 31)
[2025-12-26 16:47:59,897] 65 root -INFO -Feature store created at: Artifacts\12_26_2025_16_46_57\data_ingestion\feature_store\feature_store.csv
[2025-12-26 16:47:59,908] 87 root -INFO -Performed train-test split
[2025-12-26 16:47:59,989] 104 root -INFO -Train and test datasets exported successfully
[2025-12-26 16:47:59,989] 122 root -INFO -Data Ingestion completed: DataIngestionArtifact(trained_file_path='Artifacts\\12_26_2025_16_46_57\\data_ingestion\\ingested\\train.csv', test_file_path='Artifacts\\12_26_2025_16_46_57\\data_ingestion\\ingested\\test.csv')
[2025-12-26 16:47:59,989] 24 root -INFO -Data Initiation Completed
[2025-12-26 16:48:00,051] 30 root -INFO -Initate the data Validation
[2025-12-26 16:48:00,051] 111 root -INFO -Initiate the data validation
[2025-12-26 16:48:00,191] 50 root -INFO -Required number of columns: 31
[2025-12-26 16:48:00,191] 51 root -INFO -Data frame has columns: 31
[2025-12-26 16:48:00,191] 50 root -INFO -Required number of columns: 31
[2025-12-26 16:48:00,191] 51 root -INFO -Data frame has columns: 31
[2025-12-26 16:48:00,402] 159 root -INFO -Data validation completed successfully
[2025-12-26 16:48:00,402] 32 root -INFO -data Validation Completed
[2025-12-26 16:48:00,402] 35 root -INFO -data Transformation started
[2025-12-26 16:48:00,402] 63 root -INFO -Started data transformation
[2025-12-26 16:48:00,548] 71 root -INFO -Train DF columns: ['having_IP_Address', 'URL_Length', 'Shortining_Service', 'having_At_Symbol', 'double_slash_redirecting', 'Prefix_Suffix', 'having_Sub_Domain', 'SSLfinal_State', 'Domain_registeration_length', 'Favicon', 'port', 'HTTPS_token', 'Request_URL', 'URL_of_Anchor', 'Links_in_tags', 'SFH', 'Submitting_to_email', 'Abnormal_URL', 'Redirect', 'on_mouseover', 'RightClick', 'popUpWidnow', 'Iframe', 'age_of_domain', 'DNSRecord', 'web_traffic', 'Page_Rank', 'Google_Index', 'Links_pointing_to_page', 'Statistical_report', 'Result']
[2025-12-26 16:48:00,548] 72 root -INFO -Test DF columns: ['having_IP_Address', 'URL_Length', 'Shortining_Service', 'having_At_Symbol', 'double_slash_redirecting', 'Prefix_Suffix', 'having_Sub_Domain', 'SSLfinal_State', 'Domain_registeration_length', 'Favicon', 'port', 'HTTPS_token', 'Request_URL', 'URL_of_Anchor', 'Links_in_tags', 'SFH', 'Submitting_to_email', 'Abnormal_URL', 'Redirect', 'on_mouseover', 'RightClick', 'popUpWidnow', 'Iframe', 'age_of_domain', 'DNSRecord', 'web_traffic', 'Page_Rank', 'Google_Index', 'Links_pointing_to_page', 'Statistical_report', 'Result']
[2025-12-26 16:48:00,551] 50 root -INFO -Creating data transformation pipeline
[2025-12-26 16:48:00,611] 49 root -INFO -Entered the save_object method of MainUtils class
[2025-12-26 16:48:00,616] 53 root -INFO -Exited the save_object method of MainUtils class
[2025-12-26 16:48:00,617] 49 root -INFO -Entered the save_object method of MainUtils class
[2025-12-26 16:48:00,622] 53 root -INFO -Exited the save_object method of MainUtils class
[2025-12-26 16:48:00,622] 127 root -INFO -Data transformation completed successfully
[2025-12-26 16:48:00,624] 39 root -INFO -data Transformation completed
[2025-12-26 16:48:00,626] 41 root -INFO -Model Training sstared
